[2021-02-28 18:13:07] local.ERROR: Failed to authenticate on SMTP server with username "sendgrid_username" using 2 possible authenticators. Authenticator LOGIN returned Expected response code 250 but got an empty response. Authenticator PLAIN returned Expected response code 250 but got an empty response. {"exception":"[object] (Swift_TransportException(code: 0): Failed to authenticate on SMTP server with username \"sendgrid_username\" using 2 possible authenticators. Authenticator LOGIN returned Expected response code 250 but got an empty response. Authenticator PLAIN returned Expected response code 250 but got an empty response. at /Users/macbookpro/Documents/Projects/Campus50/backend/vendor/swiftmailer/swiftmailer/lib/classes/Swift/Transport/Esmtp/AuthHandler.php:191)
[stacktrace]
#0 /Users/macbookpro/Documents/Projects/Campus50/backend/vendor/swiftmailer/swiftmailer/lib/classes/Swift/Transport/EsmtpTransport.php(371): Swift_Transport_Esmtp_AuthHandler->afterEhlo(Object(Swift_SmtpTransport))
#1 /Users/macbookpro/Documents/Projects/Campus50/backend/vendor/swiftmailer/swiftmailer/lib/classes/Swift/Transport/AbstractSmtpTransport.php(148): Swift_Transport_EsmtpTransport->doHeloCommand()
#2 /Users/macbookpro/Documents/Projects/Campus50/backend/vendor/swiftmailer/swiftmailer/lib/classes/Swift/Mailer.php(65): Swift_Transport_AbstractSmtpTransport->start()
#3 /Users/macbookpro/Documents/Projects/Campus50/backend/vendor/illuminate/mail/Mailer.php(521): Swift_Mailer->send(Object(Swift_Message), Array)
#4 /Users/macbookpro/Documents/Projects/Campus50/backend/vendor/illuminate/mail/Mailer.php(288): Illuminate\\Mail\\Mailer->sendSwiftMessage(Object(Swift_Message))
#5 /Users/macbookpro/Documents/Projects/Campus50/backend/vendor/illuminate/mail/Mailable.php(186): Illuminate\\Mail\\Mailer->send('emails.VerifyEm...', Array, Object(Closure))
#6 /Users/macbookpro/Documents/Projects/Campus50/backend/vendor/illuminate/support/Traits/Localizable.php(19): Illuminate\\Mail\\Mailable->Illuminate\\Mail\\{closure}()
#7 /Users/macbookpro/Documents/Projects/Campus50/backend/vendor/illuminate/mail/Mailable.php(187): Illuminate\\Mail\\Mailable->withLocale(NULL, Object(Closure))
#8 /Users/macbookpro/Documents/Projects/Campus50/backend/vendor/illuminate/mail/Mailer.php(304): Illuminate\\Mail\\Mailable->send(Object(Illuminate\\Mail\\Mailer))
#9 /Users/macbookpro/Documents/Projects/Campus50/backend/vendor/illuminate/mail/Mailer.php(258): Illuminate\\Mail\\Mailer->sendMailable(Object(App\\Mail\\VerifyEmailAddress))
#10 /Users/macbookpro/Documents/Projects/Campus50/backend/vendor/illuminate/mail/PendingMail.php(121): Illuminate\\Mail\\Mailer->send(Object(App\\Mail\\VerifyEmailAddress))
#11 /Users/macbookpro/Documents/Projects/Campus50/backend/app/Http/Controllers/SPMB/PMBController.php(187): Illuminate\\Mail\\PendingMail->send(Object(App\\Mail\\VerifyEmailAddress))
#12 /Users/macbookpro/Documents/Projects/Campus50/backend/vendor/illuminate/container/BoundMethod.php(36): App\\Http\\Controllers\\SPMB\\PMBController->store(Object(Laravel\\Lumen\\Http\\Request))
#13 /Users/macbookpro/Documents/Projects/Campus50/backend/vendor/illuminate/container/Util.php(40): Illuminate\\Container\\BoundMethod::Illuminate\\Container\\{closure}()
#14 /Users/macbookpro/Documents/Projects/Campus50/backend/vendor/illuminate/container/BoundMethod.php(93): Illuminate\\Container\\Util::unwrapIfClosure(Object(Closure))
#15 /Users/macbookpro/Documents/Projects/Campus50/backend/vendor/illuminate/container/BoundMethod.php(37): Illuminate\\Container\\BoundMethod::callBoundMethod(Object(Laravel\\Lumen\\Application), Array, Object(Closure))
#16 /Users/macbookpro/Documents/Projects/Campus50/backend/vendor/illuminate/container/Container.php(610): Illuminate\\Container\\BoundMethod::call(Object(Laravel\\Lumen\\Application), Array, Array, NULL)
#17 /Users/macbookpro/Documents/Projects/Campus50/backend/vendor/laravel/lumen-framework/src/Concerns/RoutesRequests.php(386): Illuminate\\Container\\Container->call(Array, Array)
#18 /Users/macbookpro/Documents/Projects/Campus50/backend/vendor/laravel/lumen-framework/src/Concerns/RoutesRequests.php(352): Laravel\\Lumen\\Application->callControllerCallable(Array, Array)
#19 /Users/macbookpro/Documents/Projects/Campus50/backend/vendor/laravel/lumen-framework/src/Concerns/RoutesRequests.php(326): Laravel\\Lumen\\Application->callLumenController(Object(App\\Http\\Controllers\\SPMB\\PMBController), 'store', Array)
#20 /Users/macbookpro/Documents/Projects/Campus50/backend/vendor/laravel/lumen-framework/src/Concerns/RoutesRequests.php(279): Laravel\\Lumen\\Application->callControllerAction(Array)
#21 /Users/macbookpro/Documents/Projects/Campus50/backend/vendor/laravel/lumen-framework/src/Concerns/RoutesRequests.php(264): Laravel\\Lumen\\Application->callActionOnArrayBasedRoute(Array)
#22 /Users/macbookpro/Documents/Projects/Campus50/backend/vendor/laravel/lumen-framework/src/Concerns/RoutesRequests.php(166): Laravel\\Lumen\\Application->handleFoundRoute(Array)
#23 /Users/macbookpro/Documents/Projects/Campus50/backend/vendor/laravel/lumen-framework/src/Routing/Pipeline.php(48): Laravel\\Lumen\\Application->Laravel\\Lumen\\Concerns\\{closure}(Object(Laravel\\Lumen\\Http\\Request))
#24 /Users/macbookpro/Documents/Projects/Campus50/backend/vendor/fruitcake/laravel-cors/src/HandleCors.php(57): Laravel\\Lumen\\Routing\\Pipeline->Laravel\\Lumen\\Routing\\{closure}(Object(Laravel\\Lumen\\Http\\Request))
#25 /Users/macbookpro/Documents/Projects/Campus50/backend/vendor/illuminate/pipeline/Pipeline.php(167): Fruitcake\\Cors\\HandleCors->handle(Object(Laravel\\Lumen\\Http\\Request), Object(Closure))
#26 /Users/macbookpro/Documents/Projects/Campus50/backend/vendor/laravel/lumen-framework/src/Routing/Pipeline.php(30): Illuminate\\Pipeline\\Pipeline->Illuminate\\Pipeline\\{closure}(Object(Laravel\\Lumen\\Http\\Request))
#27 /Users/macbookpro/Documents/Projects/Campus50/backend/vendor/illuminate/pipeline/Pipeline.php(103): Laravel\\Lumen\\Routing\\Pipeline->Laravel\\Lumen\\Routing\\{closure}(Object(Laravel\\Lumen\\Http\\Request))
#28 /Users/macbookpro/Documents/Projects/Campus50/backend/vendor/laravel/lumen-framework/src/Concerns/RoutesRequests.php(423): Illuminate\\Pipeline\\Pipeline->then(Object(Closure))
#29 /Users/macbookpro/Documents/Projects/Campus50/backend/vendor/laravel/lumen-framework/src/Concerns/RoutesRequests.php(172): Laravel\\Lumen\\Application->sendThroughPipeline(Array, Object(Closure))
#30 /Users/macbookpro/Documents/Projects/Campus50/backend/vendor/laravel/lumen-framework/src/Concerns/RoutesRequests.php(109): Laravel\\Lumen\\Application->dispatch(NULL)
#31 /Users/macbookpro/Documents/Projects/Campus50/backend/public/index.php(28): Laravel\\Lumen\\Application->run()
#32 {main}
"} 
[2021-02-28 18:17:44] local.ERROR: Failed to authenticate on SMTP server with username "sendgrid_username" using 2 possible authenticators. Authenticator LOGIN returned Expected response code 250 but got an empty response. Authenticator PLAIN returned Expected response code 250 but got an empty response. {"exception":"[object] (Swift_TransportException(code: 0): Failed to authenticate on SMTP server with username \"sendgrid_username\" using 2 possible authenticators. Authenticator LOGIN returned Expected response code 250 but got an empty response. Authenticator PLAIN returned Expected response code 250 but got an empty response. at /Users/macbookpro/Documents/Projects/Campus50/backend/vendor/swiftmailer/swiftmailer/lib/classes/Swift/Transport/Esmtp/AuthHandler.php:191)
[stacktrace]
#0 /Users/macbookpro/Documents/Projects/Campus50/backend/vendor/swiftmailer/swiftmailer/lib/classes/Swift/Transport/EsmtpTransport.php(371): Swift_Transport_Esmtp_AuthHandler->afterEhlo(Object(Swift_SmtpTransport))
#1 /Users/macbookpro/Documents/Projects/Campus50/backend/vendor/swiftmailer/swiftmailer/lib/classes/Swift/Transport/AbstractSmtpTransport.php(148): Swift_Transport_EsmtpTransport->doHeloCommand()
#2 /Users/macbookpro/Documents/Projects/Campus50/backend/vendor/swiftmailer/swiftmailer/lib/classes/Swift/Mailer.php(65): Swift_Transport_AbstractSmtpTransport->start()
#3 /Users/macbookpro/Documents/Projects/Campus50/backend/vendor/illuminate/mail/Mailer.php(521): Swift_Mailer->send(Object(Swift_Message), Array)
#4 /Users/macbookpro/Documents/Projects/Campus50/backend/vendor/illuminate/mail/Mailer.php(288): Illuminate\\Mail\\Mailer->sendSwiftMessage(Object(Swift_Message))
#5 /Users/macbookpro/Documents/Projects/Campus50/backend/vendor/illuminate/mail/Mailable.php(186): Illuminate\\Mail\\Mailer->send('emails.VerifyEm...', Array, Object(Closure))
#6 /Users/macbookpro/Documents/Projects/Campus50/backend/vendor/illuminate/support/Traits/Localizable.php(19): Illuminate\\Mail\\Mailable->Illuminate\\Mail\\{closure}()
#7 /Users/macbookpro/Documents/Projects/Campus50/backend/vendor/illuminate/mail/Mailable.php(187): Illuminate\\Mail\\Mailable->withLocale(NULL, Object(Closure))
#8 /Users/macbookpro/Documents/Projects/Campus50/backend/vendor/illuminate/mail/Mailer.php(304): Illuminate\\Mail\\Mailable->send(Object(Illuminate\\Mail\\Mailer))
#9 /Users/macbookpro/Documents/Projects/Campus50/backend/vendor/illuminate/mail/Mailer.php(258): Illuminate\\Mail\\Mailer->sendMailable(Object(App\\Mail\\VerifyEmailAddress))
#10 /Users/macbookpro/Documents/Projects/Campus50/backend/vendor/illuminate/mail/PendingMail.php(121): Illuminate\\Mail\\Mailer->send(Object(App\\Mail\\VerifyEmailAddress))
#11 /Users/macbookpro/Documents/Projects/Campus50/backend/app/Http/Controllers/SPMB/PMBController.php(187): Illuminate\\Mail\\PendingMail->send(Object(App\\Mail\\VerifyEmailAddress))
#12 /Users/macbookpro/Documents/Projects/Campus50/backend/vendor/illuminate/container/BoundMethod.php(36): App\\Http\\Controllers\\SPMB\\PMBController->store(Object(Laravel\\Lumen\\Http\\Request))
#13 /Users/macbookpro/Documents/Projects/Campus50/backend/vendor/illuminate/container/Util.php(40): Illuminate\\Container\\BoundMethod::Illuminate\\Container\\{closure}()
#14 /Users/macbookpro/Documents/Projects/Campus50/backend/vendor/illuminate/container/BoundMethod.php(93): Illuminate\\Container\\Util::unwrapIfClosure(Object(Closure))
#15 /Users/macbookpro/Documents/Projects/Campus50/backend/vendor/illuminate/container/BoundMethod.php(37): Illuminate\\Container\\BoundMethod::callBoundMethod(Object(Laravel\\Lumen\\Application), Array, Object(Closure))
#16 /Users/macbookpro/Documents/Projects/Campus50/backend/vendor/illuminate/container/Container.php(610): Illuminate\\Container\\BoundMethod::call(Object(Laravel\\Lumen\\Application), Array, Array, NULL)
#17 /Users/macbookpro/Documents/Projects/Campus50/backend/vendor/laravel/lumen-framework/src/Concerns/RoutesRequests.php(386): Illuminate\\Container\\Container->call(Array, Array)
#18 /Users/macbookpro/Documents/Projects/Campus50/backend/vendor/laravel/lumen-framework/src/Concerns/RoutesRequests.php(352): Laravel\\Lumen\\Application->callControllerCallable(Array, Array)
#19 /Users/macbookpro/Documents/Projects/Campus50/backend/vendor/laravel/lumen-framework/src/Concerns/RoutesRequests.php(326): Laravel\\Lumen\\Application->callLumenController(Object(App\\Http\\Controllers\\SPMB\\PMBController), 'store', Array)
#20 /Users/macbookpro/Documents/Projects/Campus50/backend/vendor/laravel/lumen-framework/src/Concerns/RoutesRequests.php(279): Laravel\\Lumen\\Application->callControllerAction(Array)
#21 /Users/macbookpro/Documents/Projects/Campus50/backend/vendor/laravel/lumen-framework/src/Concerns/RoutesRequests.php(264): Laravel\\Lumen\\Application->callActionOnArrayBasedRoute(Array)
#22 /Users/macbookpro/Documents/Projects/Campus50/backend/vendor/laravel/lumen-framework/src/Concerns/RoutesRequests.php(166): Laravel\\Lumen\\Application->handleFoundRoute(Array)
#23 /Users/macbookpro/Documents/Projects/Campus50/backend/vendor/laravel/lumen-framework/src/Routing/Pipeline.php(48): Laravel\\Lumen\\Application->Laravel\\Lumen\\Concerns\\{closure}(Object(Laravel\\Lumen\\Http\\Request))
#24 /Users/macbookpro/Documents/Projects/Campus50/backend/vendor/fruitcake/laravel-cors/src/HandleCors.php(57): Laravel\\Lumen\\Routing\\Pipeline->Laravel\\Lumen\\Routing\\{closure}(Object(Laravel\\Lumen\\Http\\Request))
#25 /Users/macbookpro/Documents/Projects/Campus50/backend/vendor/illuminate/pipeline/Pipeline.php(167): Fruitcake\\Cors\\HandleCors->handle(Object(Laravel\\Lumen\\Http\\Request), Object(Closure))
#26 /Users/macbookpro/Documents/Projects/Campus50/backend/vendor/laravel/lumen-framework/src/Routing/Pipeline.php(30): Illuminate\\Pipeline\\Pipeline->Illuminate\\Pipeline\\{closure}(Object(Laravel\\Lumen\\Http\\Request))
#27 /Users/macbookpro/Documents/Projects/Campus50/backend/vendor/illuminate/pipeline/Pipeline.php(103): Laravel\\Lumen\\Routing\\Pipeline->Laravel\\Lumen\\Routing\\{closure}(Object(Laravel\\Lumen\\Http\\Request))
#28 /Users/macbookpro/Documents/Projects/Campus50/backend/vendor/laravel/lumen-framework/src/Concerns/RoutesRequests.php(423): Illuminate\\Pipeline\\Pipeline->then(Object(Closure))
#29 /Users/macbookpro/Documents/Projects/Campus50/backend/vendor/laravel/lumen-framework/src/Concerns/RoutesRequests.php(172): Laravel\\Lumen\\Application->sendThroughPipeline(Array, Object(Closure))
#30 /Users/macbookpro/Documents/Projects/Campus50/backend/vendor/laravel/lumen-framework/src/Concerns/RoutesRequests.php(109): Laravel\\Lumen\\Application->dispatch(NULL)
#31 /Users/macbookpro/Documents/Projects/Campus50/backend/public/index.php(28): Laravel\\Lumen\\Application->run()
#32 {main}
"} 
[2021-02-28 18:21:59] local.ERROR: Failed to authenticate on SMTP server with username "sendgrid_username" using 2 possible authenticators. Authenticator LOGIN returned Expected response code 250 but got an empty response. Authenticator PLAIN returned Expected response code 250 but got an empty response. {"exception":"[object] (Swift_TransportException(code: 0): Failed to authenticate on SMTP server with username \"sendgrid_username\" using 2 possible authenticators. Authenticator LOGIN returned Expected response code 250 but got an empty response. Authenticator PLAIN returned Expected response code 250 but got an empty response. at /Users/macbookpro/Documents/Projects/Campus50/backend/vendor/swiftmailer/swiftmailer/lib/classes/Swift/Transport/Esmtp/AuthHandler.php:191)
[stacktrace]
#0 /Users/macbookpro/Documents/Projects/Campus50/backend/vendor/swiftmailer/swiftmailer/lib/classes/Swift/Transport/EsmtpTransport.php(371): Swift_Transport_Esmtp_AuthHandler->afterEhlo(Object(Swift_SmtpTransport))
#1 /Users/macbookpro/Documents/Projects/Campus50/backend/vendor/swiftmailer/swiftmailer/lib/classes/Swift/Transport/AbstractSmtpTransport.php(148): Swift_Transport_EsmtpTransport->doHeloCommand()
#2 /Users/macbookpro/Documents/Projects/Campus50/backend/vendor/swiftmailer/swiftmailer/lib/classes/Swift/Mailer.php(65): Swift_Transport_AbstractSmtpTransport->start()
#3 /Users/macbookpro/Documents/Projects/Campus50/backend/vendor/illuminate/mail/Mailer.php(521): Swift_Mailer->send(Object(Swift_Message), Array)
#4 /Users/macbookpro/Documents/Projects/Campus50/backend/vendor/illuminate/mail/Mailer.php(288): Illuminate\\Mail\\Mailer->sendSwiftMessage(Object(Swift_Message))
#5 /Users/macbookpro/Documents/Projects/Campus50/backend/vendor/illuminate/mail/Mailable.php(186): Illuminate\\Mail\\Mailer->send('emails.VerifyEm...', Array, Object(Closure))
#6 /Users/macbookpro/Documents/Projects/Campus50/backend/vendor/illuminate/support/Traits/Localizable.php(19): Illuminate\\Mail\\Mailable->Illuminate\\Mail\\{closure}()
#7 /Users/macbookpro/Documents/Projects/Campus50/backend/vendor/illuminate/mail/Mailable.php(187): Illuminate\\Mail\\Mailable->withLocale(NULL, Object(Closure))
#8 /Users/macbookpro/Documents/Projects/Campus50/backend/vendor/illuminate/mail/Mailer.php(304): Illuminate\\Mail\\Mailable->send(Object(Illuminate\\Mail\\Mailer))
#9 /Users/macbookpro/Documents/Projects/Campus50/backend/vendor/illuminate/mail/Mailer.php(258): Illuminate\\Mail\\Mailer->sendMailable(Object(App\\Mail\\VerifyEmailAddress))
#10 /Users/macbookpro/Documents/Projects/Campus50/backend/vendor/illuminate/mail/PendingMail.php(121): Illuminate\\Mail\\Mailer->send(Object(App\\Mail\\VerifyEmailAddress))
#11 /Users/macbookpro/Documents/Projects/Campus50/backend/app/Http/Controllers/SPMB/PMBController.php(187): Illuminate\\Mail\\PendingMail->send(Object(App\\Mail\\VerifyEmailAddress))
#12 /Users/macbookpro/Documents/Projects/Campus50/backend/vendor/illuminate/container/BoundMethod.php(36): App\\Http\\Controllers\\SPMB\\PMBController->store(Object(Laravel\\Lumen\\Http\\Request))
#13 /Users/macbookpro/Documents/Projects/Campus50/backend/vendor/illuminate/container/Util.php(40): Illuminate\\Container\\BoundMethod::Illuminate\\Container\\{closure}()
#14 /Users/macbookpro/Documents/Projects/Campus50/backend/vendor/illuminate/container/BoundMethod.php(93): Illuminate\\Container\\Util::unwrapIfClosure(Object(Closure))
#15 /Users/macbookpro/Documents/Projects/Campus50/backend/vendor/illuminate/container/BoundMethod.php(37): Illuminate\\Container\\BoundMethod::callBoundMethod(Object(Laravel\\Lumen\\Application), Array, Object(Closure))
#16 /Users/macbookpro/Documents/Projects/Campus50/backend/vendor/illuminate/container/Container.php(610): Illuminate\\Container\\BoundMethod::call(Object(Laravel\\Lumen\\Application), Array, Array, NULL)
#17 /Users/macbookpro/Documents/Projects/Campus50/backend/vendor/laravel/lumen-framework/src/Concerns/RoutesRequests.php(386): Illuminate\\Container\\Container->call(Array, Array)
#18 /Users/macbookpro/Documents/Projects/Campus50/backend/vendor/laravel/lumen-framework/src/Concerns/RoutesRequests.php(352): Laravel\\Lumen\\Application->callControllerCallable(Array, Array)
#19 /Users/macbookpro/Documents/Projects/Campus50/backend/vendor/laravel/lumen-framework/src/Concerns/RoutesRequests.php(326): Laravel\\Lumen\\Application->callLumenController(Object(App\\Http\\Controllers\\SPMB\\PMBController), 'store', Array)
#20 /Users/macbookpro/Documents/Projects/Campus50/backend/vendor/laravel/lumen-framework/src/Concerns/RoutesRequests.php(279): Laravel\\Lumen\\Application->callControllerAction(Array)
#21 /Users/macbookpro/Documents/Projects/Campus50/backend/vendor/laravel/lumen-framework/src/Concerns/RoutesRequests.php(264): Laravel\\Lumen\\Application->callActionOnArrayBasedRoute(Array)
#22 /Users/macbookpro/Documents/Projects/Campus50/backend/vendor/laravel/lumen-framework/src/Concerns/RoutesRequests.php(166): Laravel\\Lumen\\Application->handleFoundRoute(Array)
#23 /Users/macbookpro/Documents/Projects/Campus50/backend/vendor/laravel/lumen-framework/src/Routing/Pipeline.php(48): Laravel\\Lumen\\Application->Laravel\\Lumen\\Concerns\\{closure}(Object(Laravel\\Lumen\\Http\\Request))
#24 /Users/macbookpro/Documents/Projects/Campus50/backend/vendor/fruitcake/laravel-cors/src/HandleCors.php(57): Laravel\\Lumen\\Routing\\Pipeline->Laravel\\Lumen\\Routing\\{closure}(Object(Laravel\\Lumen\\Http\\Request))
#25 /Users/macbookpro/Documents/Projects/Campus50/backend/vendor/illuminate/pipeline/Pipeline.php(167): Fruitcake\\Cors\\HandleCors->handle(Object(Laravel\\Lumen\\Http\\Request), Object(Closure))
#26 /Users/macbookpro/Documents/Projects/Campus50/backend/vendor/laravel/lumen-framework/src/Routing/Pipeline.php(30): Illuminate\\Pipeline\\Pipeline->Illuminate\\Pipeline\\{closure}(Object(Laravel\\Lumen\\Http\\Request))
#27 /Users/macbookpro/Documents/Projects/Campus50/backend/vendor/illuminate/pipeline/Pipeline.php(103): Laravel\\Lumen\\Routing\\Pipeline->Laravel\\Lumen\\Routing\\{closure}(Object(Laravel\\Lumen\\Http\\Request))
#28 /Users/macbookpro/Documents/Projects/Campus50/backend/vendor/laravel/lumen-framework/src/Concerns/RoutesRequests.php(423): Illuminate\\Pipeline\\Pipeline->then(Object(Closure))
#29 /Users/macbookpro/Documents/Projects/Campus50/backend/vendor/laravel/lumen-framework/src/Concerns/RoutesRequests.php(172): Laravel\\Lumen\\Application->sendThroughPipeline(Array, Object(Closure))
#30 /Users/macbookpro/Documents/Projects/Campus50/backend/vendor/laravel/lumen-framework/src/Concerns/RoutesRequests.php(109): Laravel\\Lumen\\Application->dispatch(NULL)
#31 /Users/macbookpro/Documents/Projects/Campus50/backend/public/index.php(28): Laravel\\Lumen\\Application->run()
#32 {main}
"} 
[2021-02-28 18:25:20] local.ERROR: Failed to authenticate on SMTP server with username "sendgrid_username" using 2 possible authenticators. Authenticator LOGIN returned Expected response code 250 but got an empty response. Authenticator PLAIN returned Expected response code 250 but got an empty response. {"exception":"[object] (Swift_TransportException(code: 0): Failed to authenticate on SMTP server with username \"sendgrid_username\" using 2 possible authenticators. Authenticator LOGIN returned Expected response code 250 but got an empty response. Authenticator PLAIN returned Expected response code 250 but got an empty response. at /Users/macbookpro/Documents/Projects/Campus50/backend/vendor/swiftmailer/swiftmailer/lib/classes/Swift/Transport/Esmtp/AuthHandler.php:191)
[stacktrace]
#0 /Users/macbookpro/Documents/Projects/Campus50/backend/vendor/swiftmailer/swiftmailer/lib/classes/Swift/Transport/EsmtpTransport.php(371): Swift_Transport_Esmtp_AuthHandler->afterEhlo(Object(Swift_SmtpTransport))
#1 /Users/macbookpro/Documents/Projects/Campus50/backend/vendor/swiftmailer/swiftmailer/lib/classes/Swift/Transport/AbstractSmtpTransport.php(148): Swift_Transport_EsmtpTransport->doHeloCommand()
#2 /Users/macbookpro/Documents/Projects/Campus50/backend/vendor/swiftmailer/swiftmailer/lib/classes/Swift/Mailer.php(65): Swift_Transport_AbstractSmtpTransport->start()
#3 /Users/macbookpro/Documents/Projects/Campus50/backend/vendor/illuminate/mail/Mailer.php(521): Swift_Mailer->send(Object(Swift_Message), Array)
#4 /Users/macbookpro/Documents/Projects/Campus50/backend/vendor/illuminate/mail/Mailer.php(288): Illuminate\\Mail\\Mailer->sendSwiftMessage(Object(Swift_Message))
#5 /Users/macbookpro/Documents/Projects/Campus50/backend/vendor/illuminate/mail/Mailable.php(186): Illuminate\\Mail\\Mailer->send('emails.VerifyEm...', Array, Object(Closure))
#6 /Users/macbookpro/Documents/Projects/Campus50/backend/vendor/illuminate/support/Traits/Localizable.php(19): Illuminate\\Mail\\Mailable->Illuminate\\Mail\\{closure}()
#7 /Users/macbookpro/Documents/Projects/Campus50/backend/vendor/illuminate/mail/Mailable.php(187): Illuminate\\Mail\\Mailable->withLocale(NULL, Object(Closure))
#8 /Users/macbookpro/Documents/Projects/Campus50/backend/vendor/illuminate/mail/Mailer.php(304): Illuminate\\Mail\\Mailable->send(Object(Illuminate\\Mail\\Mailer))
#9 /Users/macbookpro/Documents/Projects/Campus50/backend/vendor/illuminate/mail/Mailer.php(258): Illuminate\\Mail\\Mailer->sendMailable(Object(App\\Mail\\VerifyEmailAddress))
#10 /Users/macbookpro/Documents/Projects/Campus50/backend/vendor/illuminate/mail/PendingMail.php(121): Illuminate\\Mail\\Mailer->send(Object(App\\Mail\\VerifyEmailAddress))
#11 /Users/macbookpro/Documents/Projects/Campus50/backend/app/Http/Controllers/SPMB/PMBController.php(187): Illuminate\\Mail\\PendingMail->send(Object(App\\Mail\\VerifyEmailAddress))
#12 /Users/macbookpro/Documents/Projects/Campus50/backend/vendor/illuminate/container/BoundMethod.php(36): App\\Http\\Controllers\\SPMB\\PMBController->store(Object(Laravel\\Lumen\\Http\\Request))
#13 /Users/macbookpro/Documents/Projects/Campus50/backend/vendor/illuminate/container/Util.php(40): Illuminate\\Container\\BoundMethod::Illuminate\\Container\\{closure}()
#14 /Users/macbookpro/Documents/Projects/Campus50/backend/vendor/illuminate/container/BoundMethod.php(93): Illuminate\\Container\\Util::unwrapIfClosure(Object(Closure))
#15 /Users/macbookpro/Documents/Projects/Campus50/backend/vendor/illuminate/container/BoundMethod.php(37): Illuminate\\Container\\BoundMethod::callBoundMethod(Object(Laravel\\Lumen\\Application), Array, Object(Closure))
#16 /Users/macbookpro/Documents/Projects/Campus50/backend/vendor/illuminate/container/Container.php(610): Illuminate\\Container\\BoundMethod::call(Object(Laravel\\Lumen\\Application), Array, Array, NULL)
#17 /Users/macbookpro/Documents/Projects/Campus50/backend/vendor/laravel/lumen-framework/src/Concerns/RoutesRequests.php(386): Illuminate\\Container\\Container->call(Array, Array)
#18 /Users/macbookpro/Documents/Projects/Campus50/backend/vendor/laravel/lumen-framework/src/Concerns/RoutesRequests.php(352): Laravel\\Lumen\\Application->callControllerCallable(Array, Array)
#19 /Users/macbookpro/Documents/Projects/Campus50/backend/vendor/laravel/lumen-framework/src/Concerns/RoutesRequests.php(326): Laravel\\Lumen\\Application->callLumenController(Object(App\\Http\\Controllers\\SPMB\\PMBController), 'store', Array)
#20 /Users/macbookpro/Documents/Projects/Campus50/backend/vendor/laravel/lumen-framework/src/Concerns/RoutesRequests.php(279): Laravel\\Lumen\\Application->callControllerAction(Array)
#21 /Users/macbookpro/Documents/Projects/Campus50/backend/vendor/laravel/lumen-framework/src/Concerns/RoutesRequests.php(264): Laravel\\Lumen\\Application->callActionOnArrayBasedRoute(Array)
#22 /Users/macbookpro/Documents/Projects/Campus50/backend/vendor/laravel/lumen-framework/src/Concerns/RoutesRequests.php(166): Laravel\\Lumen\\Application->handleFoundRoute(Array)
#23 /Users/macbookpro/Documents/Projects/Campus50/backend/vendor/laravel/lumen-framework/src/Routing/Pipeline.php(48): Laravel\\Lumen\\Application->Laravel\\Lumen\\Concerns\\{closure}(Object(Laravel\\Lumen\\Http\\Request))
#24 /Users/macbookpro/Documents/Projects/Campus50/backend/vendor/fruitcake/laravel-cors/src/HandleCors.php(57): Laravel\\Lumen\\Routing\\Pipeline->Laravel\\Lumen\\Routing\\{closure}(Object(Laravel\\Lumen\\Http\\Request))
#25 /Users/macbookpro/Documents/Projects/Campus50/backend/vendor/illuminate/pipeline/Pipeline.php(167): Fruitcake\\Cors\\HandleCors->handle(Object(Laravel\\Lumen\\Http\\Request), Object(Closure))
#26 /Users/macbookpro/Documents/Projects/Campus50/backend/vendor/laravel/lumen-framework/src/Routing/Pipeline.php(30): Illuminate\\Pipeline\\Pipeline->Illuminate\\Pipeline\\{closure}(Object(Laravel\\Lumen\\Http\\Request))
#27 /Users/macbookpro/Documents/Projects/Campus50/backend/vendor/illuminate/pipeline/Pipeline.php(103): Laravel\\Lumen\\Routing\\Pipeline->Laravel\\Lumen\\Routing\\{closure}(Object(Laravel\\Lumen\\Http\\Request))
#28 /Users/macbookpro/Documents/Projects/Campus50/backend/vendor/laravel/lumen-framework/src/Concerns/RoutesRequests.php(423): Illuminate\\Pipeline\\Pipeline->then(Object(Closure))
#29 /Users/macbookpro/Documents/Projects/Campus50/backend/vendor/laravel/lumen-framework/src/Concerns/RoutesRequests.php(172): Laravel\\Lumen\\Application->sendThroughPipeline(Array, Object(Closure))
#30 /Users/macbookpro/Documents/Projects/Campus50/backend/vendor/laravel/lumen-framework/src/Concerns/RoutesRequests.php(109): Laravel\\Lumen\\Application->dispatch(NULL)
#31 /Users/macbookpro/Documents/Projects/Campus50/backend/public/index.php(28): Laravel\\Lumen\\Application->run()
#32 {main}
"} 
